<?xml version="1.0" encoding="UTF-8"?>
<!-- Generated by org.testng.reporters.JUnitReportReporter -->
<testsuite skipped="0" hostname="SHREE-PC" name="com.qa.hubspot.testcases.HomePageTest" tests="3" failures="0" timestamp="12 Feb 2020 23:26:11 GMT" time="0.924" errors="0">
  <testcase name="verifyHomePageTitleTest" time="0.307" classname="com.qa.hubspot.testcases.HomePageTest"/>
  <testcase name="verifyHomePageHeaderTest" time="0.175" classname="com.qa.hubspot.testcases.HomePageTest"/>
  <testcase name="verifyLoggedInUserNameTest" time="0.442" classname="com.qa.hubspot.testcases.HomePageTest"/>
</testsuite> <!-- com.qa.hubspot.testcases.HomePageTest -->
